Base path: C:/Program Files/Unity/Editor/Data
Pipe name: \\.\pipe\UnityShaderCompiler-32bit-1-5628
Cmd: getPlatforms
Cmd: compileSnippet
  api=4 type=0 insize=938 outsize=4946 kw=POINT SHADOWS_OFF FOG_EXP2 pd= ok=1
Cmd: compileSnippet
  api=4 type=1 insize=938 outsize=6295 kw=POINT SHADOWS_OFF FOG_EXP2 pd= ok=1
Cmd: compileSnippet
  api=4 type=0 insize=982 outsize=5864 kw=DIRECTIONAL SHADOWS_SCREEN LIGHTMAP_OFF DIRLIGHTMAP_OFF DYNAMICLIGHTMAP_OFF FOG_EXP2 VERTEXLIGHT_ON pd= ok=1
Cmd: compileSnippet
  api=4 type=0 insize=982 outsize=5548 kw=DIRECTIONAL SHADOWS_OFF LIGHTMAP_OFF DIRLIGHTMAP_OFF DYNAMICLIGHTMAP_OFF FOG_EXP2 VERTEXLIGHT_ON pd= ok=1
Cmd: preprocess
  insize=435 outsize=435 ok=1
Cmd: preprocess
  insize=1044 outsize=1035 ok=1
Cmd: compileSnippet
  api=4 type=0 insize=6892 outsize=3281 kw=DIRECTIONAL SHADOWS_OFF LIGHTMAP_OFF DIRLIGHTMAP_OFF DYNAMICLIGHTMAP_OFF pd= ok=1
Cmd: compileSnippet
  api=4 type=1 insize=6892 outsize=1469 kw=DIRECTIONAL SHADOWS_OFF LIGHTMAP_OFF DIRLIGHTMAP_OFF DYNAMICLIGHTMAP_OFF pd= ok=1
Cmd: compileSnippet
  api=4 type=0 insize=3944 outsize=2753 kw=POINT pd= ok=1
Cmd: compileSnippet
  api=4 type=1 insize=3944 outsize=2151 kw=POINT pd= ok=1
Cmd: compileSnippet
  api=4 type=0 insize=3411 outsize=2103 kw= pd= ok=1
Cmd: compileSnippet
  api=4 type=1 insize=3411 outsize=1266 kw= pd= ok=1
Cmd: preprocess
  insize=1357 outsize=642 ok=1
Cmd: compileSnippet
  api=4 type=0 insize=1021 outsize=1769 kw= pd= ok=1
Cmd: compileSnippet
  api=4 type=1 insize=1021 outsize=518 kw= pd= ok=1
Cmd: preprocess
  insize=1310 outsize=384 ok=1
Cmd: compileSnippet
  api=4 type=0 insize=1228 outsize=1477 kw= pd= ok=1
Cmd: compileSnippet
  api=4 type=1 insize=1228 outsize=1087 kw= pd= ok=1
Cmd: compileSnippet
  api=4 type=0 insize=541 outsize=3533 kw=SHADOWS_DEPTH pd= ok=1
Cmd: compileSnippet
  api=4 type=1 insize=541 outsize=453 kw=SHADOWS_DEPTH pd= ok=1
Cmd: compileSnippet
  api=4 type=0 insize=3944 outsize=2753 kw=DIRECTIONAL pd= ok=1
Cmd: compileSnippet
  api=4 type=1 insize=3944 outsize=1371 kw=DIRECTIONAL pd= ok=1
Cmd: compileSnippet
  api=4 type=0 insize=1228 outsize=1794 kw=FOG_EXP2 pd= ok=1
Cmd: compileSnippet
  api=4 type=1 insize=1228 outsize=1347 kw=FOG_EXP2 pd= ok=1
Cmd: compileSnippet
  api=4 type=0 insize=1021 outsize=2062 kw=FOG_EXP2 pd= ok=1
Cmd: compileSnippet
  api=4 type=1 insize=1021 outsize=851 kw=FOG_EXP2 pd= ok=1
Cmd: compileSnippet
  api=4 type=0 insize=6892 outsize=3598 kw=DIRECTIONAL SHADOWS_OFF LIGHTMAP_OFF DIRLIGHTMAP_OFF DYNAMICLIGHTMAP_OFF FOG_EXP2 pd= ok=1
Cmd: compileSnippet
  api=4 type=1 insize=6892 outsize=1769 kw=DIRECTIONAL SHADOWS_OFF LIGHTMAP_OFF DIRLIGHTMAP_OFF DYNAMICLIGHTMAP_OFF FOG_EXP2 pd= ok=1
Cmd: compileSnippet
  api=4 type=0 insize=6892 outsize=3947 kw=DIRECTIONAL SHADOWS_SCREEN LIGHTMAP_OFF DIRLIGHTMAP_OFF DYNAMICLIGHTMAP_OFF FOG_EXP2 pd= ok=1
Cmd: compileSnippet
  api=4 type=1 insize=6892 outsize=2086 kw=DIRECTIONAL SHADOWS_SCREEN LIGHTMAP_OFF DIRLIGHTMAP_OFF DYNAMICLIGHTMAP_OFF FOG_EXP2 pd= ok=1
Cmd: compileSnippet
  api=4 type=0 insize=3944 outsize=3069 kw=POINT FOG_EXP2 pd= ok=1
Cmd: compileSnippet
  api=4 type=1 insize=3944 outsize=2322 kw=POINT FOG_EXP2 pd= ok=1
Cmd: compileSnippet
  api=4 type=0 insize=1420 outsize=1379 kw= pd= ok=1
Cmd: compileSnippet
  api=4 type=1 insize=1420 outsize=1704 kw= pd= ok=1
